Sliding Window Attention is enabled but not implemented for `sdpa`; unexpected results may be encountered.
2025-12-04 15:17:13,719 INFO input frame rate=25
2025-12-04 15:17:17,312 DEBUG Using proactor: IocpProactor
2025-12-04 15:17:17,315 DEBUG Starting new HTTPS connection (1): huggingface.co:443
2025-12-04 15:17:17,350 DEBUG connect_tcp.started host='127.0.0.1' port=7897 local_address=None timeout=3 socket_options=None
2025-12-04 15:17:17,377 DEBUG connect_tcp.complete return_value=<httpcore._backends.sync.SyncStream object at 0x0000017587147FA0>
2025-12-04 15:17:17,378 DEBUG send_request_headers.started request=<Request [b'CONNECT']>
2025-12-04 15:17:17,378 DEBUG send_request_headers.complete
2025-12-04 15:17:17,379 DEBUG send_request_body.started request=<Request [b'CONNECT']>
2025-12-04 15:17:17,379 DEBUG send_request_body.complete
2025-12-04 15:17:17,379 DEBUG receive_response_headers.started request=<Request [b'CONNECT']>
2025-12-04 15:17:17,379 DEBUG receive_response_headers.complete return_value=(b'HTTP/1.1', 200, b'Connection established', [])
2025-12-04 15:17:17,379 DEBUG start_tls.started ssl_context=<ssl.SSLContext object at 0x0000017584FC4F40> server_hostname='api.gradio.app' timeout=3
2025-12-04 15:17:17,693 DEBUG Using proactor: IocpProactor
2025-12-04 15:17:17,729 DEBUG connect_tcp.started host='127.0.0.1' port=7897 local_address=None timeout=None socket_options=None
2025-12-04 15:17:17,734 DEBUG connect_tcp.complete return_value=<httpcore._backends.sync.SyncStream object at 0x00000175850AB9D0>
2025-12-04 15:17:17,734 DEBUG send_request_headers.started request=<Request [b'GET']>
2025-12-04 15:17:17,734 DEBUG send_request_headers.complete
2025-12-04 15:17:17,735 DEBUG send_request_body.started request=<Request [b'GET']>
2025-12-04 15:17:17,735 DEBUG send_request_body.complete
2025-12-04 15:17:17,735 DEBUG receive_response_headers.started request=<Request [b'GET']>
2025-12-04 15:17:17,736 DEBUG receive_response_headers.complete return_value=(b'HTTP/1.1', 200, b'OK', [(b'Connection', b'close'), (b'Content-Length', b'4'), (b'Content-Type', b'application/json'), (b'Date', b'Thu, 04 Dec 2025 07:17:17 GMT'), (b'Server', b'uvicorn')])
2025-12-04 15:17:17,736 INFO HTTP Request: GET http://localhost:8000/gradio_api/startup-events "HTTP/1.1 200 OK"
2025-12-04 15:17:17,736 DEBUG receive_response_body.started request=<Request [b'GET']>
2025-12-04 15:17:17,736 DEBUG receive_response_body.complete
2025-12-04 15:17:17,736 DEBUG response_closed.started
2025-12-04 15:17:17,736 DEBUG response_closed.complete
2025-12-04 15:17:17,739 DEBUG connect_tcp.started host='127.0.0.1' port=7897 local_address=None timeout=3 socket_options=None
2025-12-04 15:17:17,740 DEBUG connect_tcp.complete return_value=<httpcore._backends.sync.SyncStream object at 0x00000175850790C0>
2025-12-04 15:17:17,740 DEBUG send_request_headers.started request=<Request [b'HEAD']>
2025-12-04 15:17:17,740 DEBUG send_request_headers.complete
2025-12-04 15:17:17,740 DEBUG send_request_body.started request=<Request [b'HEAD']>
2025-12-04 15:17:17,740 DEBUG send_request_body.complete
2025-12-04 15:17:17,740 DEBUG receive_response_headers.started request=<Request [b'HEAD']>
2025-12-04 15:17:17,752 DEBUG receive_response_headers.complete return_value=(b'HTTP/1.1', 200, b'OK', [(b'Connection', b'close'), (b'Content-Length', b'36958'), (b'Content-Type', b'text/html; charset=utf-8'), (b'Date', b'Thu, 04 Dec 2025 07:17:17 GMT'), (b'Server', b'uvicorn')])
2025-12-04 15:17:17,752 INFO HTTP Request: HEAD http://localhost:8000/ "HTTP/1.1 200 OK"
2025-12-04 15:17:17,752 DEBUG receive_response_body.started request=<Request [b'HEAD']>
2025-12-04 15:17:17,752 DEBUG receive_response_body.complete
2025-12-04 15:17:17,753 DEBUG response_closed.started
2025-12-04 15:17:17,753 DEBUG response_closed.complete
2025-12-04 15:17:17,755 DEBUG Starting new HTTPS connection (1): huggingface.co:443
2025-12-04 15:17:17,857 DEBUG https://huggingface.co:443 "HEAD /api/telemetry/gradio/initiated HTTP/1.1" 200 0
2025-12-04 15:17:18,458 DEBUG https://huggingface.co:443 "HEAD /api/telemetry/gradio/launched HTTP/1.1" 200 0
2025-12-04 15:17:18,458 DEBUG start_tls.complete return_value=<httpcore._backends.sync.SyncStream object at 0x000001758588B0D0>
2025-12-04 15:17:18,462 DEBUG send_request_headers.started request=<Request [b'GET']>
2025-12-04 15:17:18,463 DEBUG send_request_headers.complete
2025-12-04 15:17:18,466 DEBUG send_request_body.started request=<Request [b'GET']>
2025-12-04 15:17:18,467 DEBUG send_request_body.complete
2025-12-04 15:17:18,470 DEBUG receive_response_headers.started request=<Request [b'GET']>
2025-12-04 15:17:18,748 DEBUG receive_response_headers.complete return_value=(b'HTTP/1.1', 200, b'OK', [(b'Date', b'Thu, 04 Dec 2025 07:17:18 GMT'), (b'Content-Type', b'application/json'), (b'Content-Length', b'21'), (b'Connection', b'keep-alive'), (b'Server', b'nginx/1.18.0'), (b'Access-Control-Allow-Origin', b'*')])
2025-12-04 15:17:18,750 INFO HTTP Request: GET https://api.gradio.app/pkg-version "HTTP/1.1 200 OK"
2025-12-04 15:17:18,753 DEBUG receive_response_body.started request=<Request [b'GET']>
2025-12-04 15:17:18,754 DEBUG receive_response_body.complete
2025-12-04 15:17:18,758 DEBUG response_closed.started
2025-12-04 15:17:18,759 DEBUG response_closed.complete
